0 info it worked if it ends with ok
1 verbose cli [ 'C:\\Program Files\\nodejs\\\\node.exe',
1 verbose cli   'C:\\Program Files\\nodejs\\node_modules\\npm\\bin\\npm-cli.js',
1 verbose cli   'publish' ]
2 info using npm@1.4.14
3 info using node@v0.10.29
4 verbose node symlink C:\Program Files\nodejs\\node.exe
5 verbose publish [ '.' ]
6 verbose cache add [ '.', null ]
7 verbose cache add name=undefined spec="." args=[".",null]
8 verbose parsed url { protocol: null,
8 verbose parsed url   slashes: null,
8 verbose parsed url   auth: null,
8 verbose parsed url   host: null,
8 verbose parsed url   port: null,
8 verbose parsed url   hostname: null,
8 verbose parsed url   hash: null,
8 verbose parsed url   search: null,
8 verbose parsed url   query: null,
8 verbose parsed url   pathname: '.',
8 verbose parsed url   path: '.',
8 verbose parsed url   href: '.' }
9 silly lockFile 3a52ce78- .
10 verbose lock . C:\Documents and Settings\Administrator\Application Data\npm-cache\3a52ce78-.lock
11 verbose tar pack [ 'C:\\Documents and Settings\\Administrator\\Application Data\\npm-cache\\byvoidmodule\\0.1.119\\package.tgz',
11 verbose tar pack   '.' ]
12 verbose tarball C:\Documents and Settings\Administrator\Application Data\npm-cache\byvoidmodule\0.1.119\package.tgz
13 verbose folder .
14 info prepublish byvoidmodule@0.1.119
15 silly lockFile 1f1177db-tar tar://.
16 verbose lock tar://. C:\Documents and Settings\Administrator\Application Data\npm-cache\1f1177db-tar.lock
17 silly lockFile 75f5e251-byvoidmodule-0-1-119-package-tgz tar://C:\Documents and Settings\Administrator\Application Data\npm-cache\byvoidmodule\0.1.119\package.tgz
18 verbose lock tar://C:\Documents and Settings\Administrator\Application Data\npm-cache\byvoidmodule\0.1.119\package.tgz C:\Documents and Settings\Administrator\Application Data\npm-cache\75f5e251-byvoidmodule-0-1-119-package-tgz.lock
19 silly lockFile 1f1177db-tar tar://.
20 silly lockFile 1f1177db-tar tar://.
21 silly lockFile 75f5e251-byvoidmodule-0-1-119-package-tgz tar://C:\Documents and Settings\Administrator\Application Data\npm-cache\byvoidmodule\0.1.119\package.tgz
22 silly lockFile 75f5e251-byvoidmodule-0-1-119-package-tgz tar://C:\Documents and Settings\Administrator\Application Data\npm-cache\byvoidmodule\0.1.119\package.tgz
23 silly lockFile dc95b730-che-byvoidmodule-0-1-119-package C:\Documents and Settings\Administrator\Application Data\npm-cache\byvoidmodule\0.1.119\package
24 verbose lock C:\Documents and Settings\Administrator\Application Data\npm-cache\byvoidmodule\0.1.119\package C:\Documents and Settings\Administrator\Application Data\npm-cache\dc95b730-che-byvoidmodule-0-1-119-package.lock
25 silly lockFile dc95b730-che-byvoidmodule-0-1-119-package C:\Documents and Settings\Administrator\Application Data\npm-cache\byvoidmodule\0.1.119\package
26 silly lockFile dc95b730-che-byvoidmodule-0-1-119-package C:\Documents and Settings\Administrator\Application Data\npm-cache\byvoidmodule\0.1.119\package
27 silly lockFile 3a52ce78- .
28 silly lockFile 3a52ce78- .
29 silly publish { name: 'byvoidmodule',
29 silly publish   version: '0.1.119',
29 silly publish   description: '"for learning"',
29 silly publish   main: 'index.js',
29 silly publish   scripts: { test: 'echo "Error: no test specified" && exit 1' },
29 silly publish   keywords: [ 'test' ],
29 silly publish   author: { name: 'billy119' },
29 silly publish   license: 'ISC',
29 silly publish   readme: 'ERROR: No README data found!',
29 silly publish   _id: 'byvoidmodule@0.1.119',
29 silly publish   _shasum: 'ac5c5fa58bb50b0a3a4dfe208f97634fd7648434',
29 silly publish   _from: '.' }
30 verbose url raw byvoidmodule
31 verbose url resolving [ 'https://registry.npmjs.org/', './byvoidmodule' ]
32 verbose url resolved https://registry.npmjs.org/byvoidmodule
33 info trying registry request attempt 1 at 11:05:35
34 http PUT https://registry.npmjs.org/byvoidmodule
35 http 403 https://registry.npmjs.org/byvoidmodule
36 verbose headers { date: 'Mon, 01 Dec 2014 03:04:46 GMT',
36 verbose headers   server: 'CouchDB/1.5.0 (Erlang OTP/R16B03)',
36 verbose headers   'content-type': 'application/json',
36 verbose headers   'cache-control': 'max-age=60',
36 verbose headers   'content-length': '599',
36 verbose headers   'accept-ranges': 'bytes',
36 verbose headers   via: '1.1 varnish',
36 verbose headers   'x-served-by': 'cache-ty67-TYO',
36 verbose headers   'x-cache': 'MISS',
36 verbose headers   'x-cache-hits': '0',
36 verbose headers   'x-timer': 'S1417403086.727442,VS0,VE130',
36 verbose headers   'keep-alive': 'timeout=10, max=50',
36 verbose headers   connection: 'Keep-Alive' }
37 error publish Failed PUT 403
38 error Error: forbidden user: billy119 not authorized to modify byvoidmodule
38 error Changed: description "A module for learning perpose." -> "\"for learning\""
38 error Changed: dist-tags.latest "0.0.1" -> "0.1.119"
38 error Added: versions.0.1.119
38 error Changed: readme "" -> "ERROR: No README data found!"
38 error Changed: time.modified "2014-06-06T02:29:21.859Z" -> "2014-12-01T03:05:42.661Z"
38 error Added: time.0.1.119
38 error Changed: author.name "BYVoid" -> "billy119"
38 error Deleted: author.email
38 error Deleted: author.url
38 error Deleted: repository
38 error Deleted: homepage
38 error Added: keywords
38 error Added: license
38 error Added: _attachments: byvoidmodule
38 error     at RegClient.<anonymous> (C:\Program Files\nodejs\node_modules\npm\node_modules\npm-registry-client\lib\request.js:274:14)
38 error     at Request._callback (C:\Program Files\nodejs\node_modules\npm\node_modules\npm-registry-client\lib\request.js:212:65)
38 error     at Request.self.callback (C:\Program Files\nodejs\node_modules\npm\node_modules\request\request.js:123:22)
38 error     at Request.emit (events.js:98:17)
38 error     at Request.<anonymous> (C:\Program Files\nodejs\node_modules\npm\node_modules\request\request.js:893:14)
38 error     at Request.emit (events.js:117:20)
38 error     at IncomingMessage.<anonymous> (C:\Program Files\nodejs\node_modules\npm\node_modules\request\request.js:844:12)
38 error     at IncomingMessage.emit (events.js:117:20)
38 error     at _stream_readable.js:929:16
38 error     at process._tickCallback (node.js:419:13)
39 error If you need help, you may report this *entire* log,
39 error including the npm and node versions, at:
39 error     <http://github.com/npm/npm/issues>
40 error System Windows_NT 5.1.2600
41 error command "C:\\Program Files\\nodejs\\\\node.exe" "C:\\Program Files\\nodejs\\node_modules\\npm\\bin\\npm-cli.js" "publish"
42 error cwd E:\nodespace\byvoidmodule
43 error node -v v0.10.29
44 error npm -v 1.4.14
45 verbose exit [ 1, true ]
